GraphicsMagick
GraphicsMagick-c++
GraphicsMagick-c++-devel
ImageMagick-c++-devel
Lmod
MUMPS
MUMPS-common
SDL2_gfx
SLOF
VirtualBox
VirtualBox-kmodsrc
VirtualBox-server
aajohan-comfortaa-fonts
aardvark-dns
aircrack-ng
akmod-VirtualBox
akmod-nvidia
alacritty
anaconda
anaconda-install-env-deps
anaconda-live
ansible
ansible-collection-ansible-netcommon
ansible-collection-ansible-posix
ansible-collection-community-docker
ansible-collection-community-kubernetes
ansible-collection-community-libvirt
ansible-collection-community-mysql
ansible-collection-community-postgresql
ansible-collection-community-rabbitmq
ansible-collection-containers-podman
ansible-collection-kubernetes-core
ansible-collection-microsoft-sql
ansible-collection-netbox-netbox
ansible-core
apache-commons-cli
apache-commons-codec
apache-commons-io
apache-commons-lang3
appimagelauncher
apr
apr-util
apr-util-bdb
apr-util-openssl
aria2
arpack
atheros-firmware
atinject
atool
autoconf
autocorr-ru
automake
biber
binutils
binutils-gold
bismuth
bison
boost-devel
botan2
bpftool
brcmfmac-firmware
btop
btrfs-assistant
btrfsmaintenance
byacc
byte-buddy
byte-buddy-agent
bzip2-devel
caca-utils
calf
cantor
cargo
catatonit
catfish
catimg
ccache
cdi-api
cgnslib-libs
check
check-devel
clang
clang-libs
clang-resource-filesystem
clang15-libs
clang15-resource-filesystem
clevis
clevis-luks
clevis-pin-tpm2
cliquer-libs
cmake
cmake-data
cmake-gui
cmake-rpm-macros
cmatrix
coan
cockpit
cockpit-bridge
cockpit-composer
cockpit-kdump
cockpit-machines
cockpit-navigator
cockpit-networkmanager
cockpit-ostree
cockpit-packagekit
cockpit-pcp
cockpit-podman
cockpit-selinux
cockpit-session-recording
cockpit-sosreport
cockpit-storaged
cockpit-system
cockpit-ws
code
coin-or-Cbc
coin-or-Cgl
coin-or-Clp
coin-or-CoinUtils
coin-or-Osi
compat-lua-libs
compiler-rt
conan
conmon
conntrack-tools
container-selinux
containerd
containers-common
containers-common-extra
corectrl
cproto
cpu-x
cpu-x-data
cpufetch
criu
criu-libs
crun
cscope
cuda
cuda-12-2
cuda-cccl-12-2
cuda-command-line-tools-12-2
cuda-compiler-12-2
cuda-crt-12-2
cuda-cudart-12-2
cuda-cudart-devel-12-2
cuda-cuobjdump-12-2
cuda-cupti-12-2
cuda-cuxxfilt-12-2
cuda-demo-suite-12-2
cuda-documentation-12-2
cuda-driver-devel-12-2
cuda-gdb-12-2
cuda-libraries-12-2
cuda-libraries-devel-12-2
cuda-nsight-12-2
cuda-nsight-compute-12-2
cuda-nsight-systems-12-2
cuda-nvcc-12-2
cuda-nvdisasm-12-2
cuda-nvml-devel-12-2
cuda-nvprof-12-2
cuda-nvprune-12-2
cuda-nvrtc-12-2
cuda-nvrtc-devel-12-2
cuda-nvtx-12-2
cuda-nvvm-12-2
cuda-nvvp-12-2
cuda-opencl-12-2
cuda-opencl-devel-12-2
cuda-profiler-api-12-2
cuda-repo-fedora37-12-2-local
cuda-runtime-12-2
cuda-sanitizer-12-2
cuda-toolkit-12-2
cuda-toolkit-12-2-config-common
cuda-tools-12-2
cuda-visual-tools-12-2
dejavu-sans-fonts
diff-so-fancy
diffstat
digikam
distribution-gpg-keys
distrobox
dkms
dnf5
docker-compose
dotnet
dotnet-apphost-pack-6.0
dotnet-host
dotnet-hostfxr-6.0
dotnet-runtime-6.0
dotnet-sdk-6.0
dotnet-sdk-6.0-source-built-artifacts
dotnet-sdk-7.0
dotnet-sdk-7.0-source-built-artifacts
dotnet-templates-6.0
doxygen
doxygen-doxywizard
dracut-live
duf
dust
dyninst
easyeffects
edk2-aarch64
edk2-arm
elfutils-debuginfod-client-devel
elfutils-devel
elfutils-libelf-devel
epiphany-runtime
epstool
exa
extra-cmake-modules
fd-find
fedora-flathub-remote
fedora-release-kde
fedora-third-party
fedora-workstation-repositories
fedy
feh
ffmpeg
ffmpeg-libs
fftw-libs-single
filelight
flex
flexiblas
flexiblas-netlib
flexiblas-netlib64
flexiblas-openblas-openmp
flexiblas-openblas-openmp64
fltk
freeglut
fuse
fuse-overlayfs
fzf
gc
gcc
gcc-c++
gcc-gfortran
gdk-pixbuf2-xlib
gds-tools-12-2
gecode
gettext
git
git-core
git-core-doc
git-delta
gjs
gl-manpages
gl2ps
glew
glfw
glfw-devel
glibc-devel
glibc-headers-x86
glibc-langpack-ru
glibmm2.68
glm-devel
glpk
glsl-language-server
glslang
glslc
gnome-menus
gnome-software
gnome-software-rpm-ostree
gnuplot
gnuplot-common
golang
golang-bin
golang-src
golang-x-tools-gopls
google-chrome-stable
google-crc32c
google-guice
gpm-libs
grafana
grepmail
grpc
grpc-cpp
grpc-data
gstreamer1-plugin-openh264
gstreamer1-plugins-bad-free-extras
gstreamer1-plugins-bad-free-fluidsynth
gstreamer1-plugins-bad-free-wildmidi
gstreamer1-plugins-bad-free-zbar
gstreamer1-plugins-bad-freeworld
gstreamer1-plugins-good-extras
gstreamer1-plugins-good-qt6
gstreamer1-plugins-ugly
guava
guile22
gvisor-tap-vsock
gwe
haproxy
hdf5
hdparm
htop
httpcomponents-client
httpcomponents-core
httpie
hunspell-ru
hyphen-ru
ibm-data-db2
iftop
imgui-devel
imlib2
indent
info
insight
iotop
ipvsadm
iwlegacy-firmware
iwlwifi-dvm-firmware
iwlwifi-mvm-firmware
jacop
jakarta-annotations
jansi
java-17-openjdk
java-17-openjdk-devel
java-latest-openjdk
java-latest-openjdk-devel
java-latest-openjdk-headless
javascriptcoregtk6.0
jcl-over-slf4j
jetbrains-mono-fonts
jetbrains-mono-fonts-all
jetbrains-mono-nl-fonts
jose
jsoncpp
jsr-305
junit
k6
k6-rpm
kate
kate-plugins
kcachegrind
kcm_systemd
kdbg
kde-inotify-survey
kde-l10n
kde-l10n-ru
kdevelop
kdf
keepalived
kernel-headers
kernel-modules-extra
kernel-tools
kernel-tools-libs
kf5-audiocd-kio
kf5-audiocd-kio-doc
kf5-kirigami2-addons
kf5-libkcddb
kf5-libkcddb-doc
kf5-libkcompactdisc
kf5-libksane
kig
kitty
kitty-shell-integration
kitty-terminfo
kmod-VirtualBox-6.4.11-200.fc38.x86_64
kmod-nvidia-6.4.10-200.fc38.x86_64
kmod-nvidia-6.4.11-200.fc38.x86_64
kmod-nvidia-6.4.9-200.fc38.x86_64
kommit
krusader
ksanecore
ksysguard
ksysguardd
ktextaddons
ktorrent
kturtle
kubernetes
kubernetes-client
kubernetes-master
kubernetes-node
kvantum
kvantum-data
ladspa-zam-plugins
lame
langpacks-core-font-ru
langpacks-core-ru
langpacks-en
langpacks-ru
lash-libs
latte-dock
latte-dock-lang
lazygit
libX11-devel
libXau-devel
libXcursor-devel
libXext-devel
libXfixes-devel
libXi-devel
libXinerama-devel
libXrandr-devel
libXrender-devel
libaec
libarrow
libarrow-dataset-libs
libarrow-doc
libarrow-flight-libs
libarrow-glib-libs
libavcodec-freeworld
libavdevice
libbsd
libbtrfs
libbtrfsutil
libcaca
libcerf
libcpuid
libcublas-12-2
libcublas-devel-12-2
libcufft-12-2
libcufft-devel-12-2
libcufile-12-2
libcufile-devel-12-2
libcurand-12-2
libcurand-devel-12-2
libcurl-devel
libcusolver-12-2
libcusolver-devel-12-2
libcusparse-12-2
libcusparse-devel-12-2
libdazzle
libdbi-dbd-pgsql
libddcutil
libdispatch
libdrm-devel
libdwarf-devel
libebur128
libedit-devel
libertas-firmware
libffi-devel
libgdiplus
libgfortran
libglvnd-core-devel
libglvnd-devel
libharu
libheif-freeworld
libieee1284
libjose
libluksmeta
libluv
liblzf
libmatheval
libmd
libmusicbrainz5
libnauty
libnet
libnetfilter_cthelper
libnetfilter_cttimeout
libnetfilter_queue
libnpp-12-2
libnpp-devel-12-2
libnvjitlink-12-2
libnvjitlink-devel-12-2
libnvjpeg-12-2
libnvjpeg-devel-12-2
libogg-devel
libomp
libomp-devel
liborc1
libpciaccess-devel
libpng-devel
libportal
libportal-gtk4
libpqxx
libqhull_r
libqrcodegencpp
libquadmath
libquadmath-devel
libreoffice-draw
libreoffice-help-ru
libreoffice-langpack-ru
libreoffice-math
librsync
libsane-airscan
libserf
libsigc++30
libstdc++-devel
libtcd
libtermkey
libtool
libtorrent
libtree-sitter
libuser-devel
libva-utils
libvirt-daemon-config-network
libvirt-daemon-kvm
libvirt-dbus
libvterm
libxcb-devel
libxcrypt-devel
libxml2-devel
libzstd-devel
linbox
livesys-scripts
lld
lld-libs
lldb
llhttp
llvm15-libs
lm_sensors
lnav
log4j
lsp-plugins
lsp-plugins-lv2
ltrace
lua-filesystem
lua-json
lua-lpeg
lua-term
luajit
luajit2.1-luv
luksmeta
lv2-calf-plugins
lv2-mdala-plugins
lv2-zam-plugins
m4
make
malaga
man-pages-ru
maven
maven-lib
maven-openjdk17
maven-resolver
maven-shared-utils
maven-wagon
maxima
mediawriter
mercurial
mesa-demos
mesa-libGL-devel
mesa-libGLU
mesa-libGLU-devel
mesa-vdpau-drivers-freeworld
metis
minizip-compat
moby-engine
mockito
mongo-cxx-driver
mongo-cxx-driver-devel
mono-complete
mono-core
mono-data
mono-data-oracle
mono-data-sqlite
mono-devel
mono-extras
mono-locale-extras
mono-mvc
mono-reactive
mono-wcf
mono-web
mono-winforms
mono-winfx
monodoc
mozilla-openh264
mozjs102
mp
msgpack
mt7xxx-firmware
mtx
mutt
mysql-connector-odbc
mythes-ru
nasm
ncdu
ncurses-devel
neofetch
neon
neovim
net-snmp-utils
netavark
nethogs
netstat-nat
nginx-core
nginx-filesystem
nginx-mimetypes
ninja-build
nmap
nmon
nodejs
nodejs-docs
nodejs-full-i18n
nodejs-libs
nodejs-npm
noip
nsight-compute-2023.2.1
nsight-systems-2023.2.3
ntpsec
nut
nvidia-persistenced
nvidia-vaapi-driver
nvidia-xconfig
nvtop
objectweb-asm
objenesis
octave
openbios
openblas
openblas-openmp
openblas-openmp64
opencl-filesystem
opencv
opencv-contrib
openh264
openldap-devel
openslide
openssl-devel
opentest4j
osbuild
osbuild-composer
osbuild-composer-core
osbuild-composer-dnf-json
osbuild-composer-worker
osbuild-luks2
osbuild-lvm2
osbuild-ostree
osbuild-selinux
pakchois
paraview
parquet-libs
patch
patchutils
pavucontrol
pbzip2
pcp
pcp-conf
pcp-libs
pcp-selinux
perf
perl-Authen-SASL
perl-B-Hooks-EndOfScope
perl-Business-ISBN
perl-Business-ISBN-Data
perl-Business-ISMN
perl-Business-ISSN
perl-Class-Accessor
perl-Class-Data-Inheritable
perl-Class-Inspector
perl-Class-Method-Modifiers
perl-Class-Singleton
perl-Class-XSAccessor
perl-Clone
perl-Compress-Raw-Bzip2
perl-Compress-Raw-Zlib
perl-Convert-ASN1
perl-Data-Compare
perl-Data-Dump
perl-Data-OptList
perl-Data-Uniqid
perl-Date-ISO8601
perl-Date-Manip
perl-DateTime
perl-DateTime-Calendar-Julian
perl-DateTime-Format-Builder
perl-DateTime-Format-Strptime
perl-DateTime-Locale
perl-DateTime-TimeZone
perl-DateTime-TimeZone-SystemV
perl-DateTime-TimeZone-Tzfile
perl-Devel-CallChecker
perl-Devel-Caller
perl-Devel-GlobalDestruction
perl-Devel-LexAlias
perl-Devel-StackTrace
perl-Digest-HMAC
perl-Digest-SHA
perl-Dist-CheckConflicts
perl-DynaLoader-Functions
perl-Email-Date-Format
perl-Encode-Locale
perl-English
perl-Error
perl-Eval-Closure
perl-Exception-Class
perl-Exporter-Tiny
perl-ExtUtils-MM-Utils
perl-File-Compare
perl-File-Find
perl-File-Find-Rule
perl-File-Listing
perl-File-ShareDir
perl-File-Slurper
perl-Filter
perl-GD
perl-GD-Barcode
perl-GSSAPI
perl-Git
perl-HTML-Parser
perl-HTML-Tagset
perl-HTTP-Cookies
perl-HTTP-Date
perl-HTTP-Message
perl-HTTP-Negotiate
perl-Hash-Util-FieldHash
perl-I18N-LangTags
perl-I18N-Langinfo
perl-IO-Compress
perl-IO-Compress-Brotli
perl-IO-HTML
perl-IO-String
perl-IPC-Cmd
perl-IPC-Run3
perl-IPC-SysV
perl-IPC-System-Simple
perl-JSON
perl-LDAP
perl-LWP-MediaTypes
perl-LWP-Protocol-https
perl-Lexical-SealRequireHints
perl-Lexical-Var
perl-Lingua-Translit
perl-List-AllUtils
perl-List-MoreUtils
perl-List-MoreUtils-XS
perl-List-SomeUtils
perl-List-UtilsBy
perl-Locale-Maketext
perl-Locale-Maketext-Simple
perl-Log-Dispatch
perl-Log-Dispatch-FileRotate
perl-Log-Log4perl
perl-MIME-Charset
perl-MIME-Lite
perl-MIME-Types
perl-MRO-Compat
perl-Mail-Sender
perl-Mail-Sendmail
perl-MailTools
perl-Module-CoreList
perl-Module-Implementation
perl-Module-Load
perl-Module-Load-Conditional
perl-Module-Metadata
perl-Module-Runtime
perl-NKF
perl-NTLM
perl-Net-HTTP
perl-Net-SMTP-SSL
perl-Number-Compare
perl-Opcode
perl-Package-Generator
perl-Package-Stash
perl-Package-Stash-XS
perl-PadWalker
perl-Params-Check
perl-Params-Classify
perl-Params-Util
perl-Params-Validate
perl-Params-ValidationCompiler
perl-Parse-RecDescent
perl-PerlIO-utf8_strict
perl-Pod-Html
perl-Ref-Util
perl-Ref-Util-XS
perl-Regexp-Common
perl-Role-Tiny
perl-Safe
perl-Sort-Key
perl-Specio
perl-Sub-Exporter
perl-Sub-Exporter-Progressive
perl-Sub-Identify
perl-Sub-Install
perl-Sys-Syslog
perl-TermReadKey
perl-Text-Balanced
perl-Text-BibTeX
perl-Text-CSV
perl-Text-Glob
perl-Text-Roman
perl-Text-Soundex
perl-Text-Unidecode
perl-Tie
perl-Tie-Cycle
perl-Tie-RefHash
perl-Time-HiRes
perl-TimeDate
perl-Try-Tiny
perl-Unicode-Collate
perl-Unicode-EastAsianWidth
perl-Unicode-LineBreak
perl-Unicode-Normalize
perl-Unicode-UCD
perl-Variable-Magic
perl-WWW-RobotRules
perl-XML-LibXML
perl-XML-LibXML-Simple
perl-XML-LibXSLT
perl-XML-NamespaceSupport
perl-XML-Parser
perl-XML-SAX
perl-XML-SAX-Base
perl-XML-Writer
perl-XML-XPath
perl-XString
perl-autodie
perl-autovivification
perl-deprecate
perl-encoding
perl-lib
perl-libintl-perl
perl-libwww-perl
perl-locale
perl-meta-notation
perl-namespace-autoclean
perl-namespace-clean
perl-open
perl-sigtrap
perl-subs
perl-version
perltidy
pgcli
pgmodeler
pipenv
pipewire-jack-audio-connection-kit-libs
pipx
plasma-pk-updates
plexus-cipher
plexus-classworlds
plexus-containers-component-annotations
plexus-interpolation
plexus-sec-dispatcher
plexus-utils
plotutils
poco-devel
poco-doc
podman
poetry
portaudio
portaudio-devel
postgresql
postgresql-contrib
postgresql-jdbc
postgresql-odbc
postgresql-server
powertop
procinfo
protobuf-compiler
protobuf-lite
pt-sans-fonts
publicsuffix-list
pugixml
pyproject-rpm-macros
python-django-bash-completion
python-qt5-rpm-macros
python-rpm-macros
python-wheel-wheel
python3-Bottleneck
python3-CacheControl
python3-CacheControl+filecache
python3-CacheControl+redis
python3-PyMySQL
python3-QtPy
python3-aiodns
python3-aiohttp
python3-aiohttp+speedups
python3-aiosignal
python3-anyio
python3-appdirs
python3-asgiref
python3-async-timeout
python3-attrs
python3-bcrypt
python3-biopython
python3-brotli
python3-cached_property
python3-cachetools
python3-certifi
python3-cleo
python3-cli-helpers
python3-cli-helpers+styles
python3-click
python3-colorama
python3-configobj
python3-contourpy
python3-crashtest
python3-cryptography
python3-cvxopt
python3-cycler
python3-defusedxml
python3-deprecated
python3-devel
python3-distlib
python3-django
python3-dns
python3-docker
python3-docker+ssh
python3-docker-pycreds
python3-dockerpty
python3-docopt
python3-dotenv
python3-dotenv+cli
python3-dulwich
python3-email-validator
python3-et_xmlfile
python3-fastapi
python3-fasteners
python3-fb-re2
python3-filelock
python3-flask
python3-fonttools
python3-frozenlist
python3-fs
python3-fsspec
python3-gcsfs
python3-google-api-core
python3-google-auth
python3-google-auth-oauthlib
python3-google-cloud-core
python3-google-cloud-storage
python3-google-crc32c
python3-google-resumable-media
python3-googleapis-common-protos
python3-greenlet
python3-grpcio
python3-grpcio-status
python3-html5lib
python3-importlib-metadata
python3-injector
python3-itsdangerous
python3-jaraco
python3-jaraco-classes
python3-jdcal
python3-jeepney
python3-jinja2
python3-jsonschema
python3-keyring
python3-kiwisolver
python3-linux-procfs
python3-lldb
python3-lockfile
python3-markdown-it-py
python3-markupsafe
python3-matplotlib
python3-matplotlib-data
python3-matplotlib-data-fonts
python3-matplotlib-gtk3
python3-matplotlib-tk
python3-mdurl
python3-more-itertools
python3-msgpack
python3-multidict
python3-munkres
python3-mysqlclient
python3-networkx
python3-numexpr
python3-numpy-f2py
python3-oauthlib
python3-odfpy
python3-olefile
python3-opencv
python3-openpyxl
python3-osbuild
python3-pandas
python3-paramiko
python3-patch-ng
python3-peewee
python3-pendulum
python3-perf
python3-pgspecial
python3-pillow
python3-pillow-tk
python3-pip
python3-pkginfo
python3-platformdirs
python3-poetry
python3-poetry-core
python3-poetry-plugin-export
python3-prompt-toolkit
python3-protobuf
python3-psutil
python3-psycopg2
python3-psycopg3
python3-py3nvml
python3-pyarrow
python3-pyasn1
python3-pyasn1-modules
python3-pyaudio
python3-pycares
python3-pydantic
python3-pygments
python3-pynacl
python3-pyparsing
python3-pyqt5-sip
python3-pyrsistent
python3-pytzdata
python3-qt5-base
python3-rapidfuzz
python3-redis
python3-requests+socks
python3-requests-oauthlib
python3-requests-toolbelt
python3-rich
python3-rpm-generators
python3-rpm-macros
python3-rsa
python3-rx
python3-scipy
python3-secretstorage
python3-setproctitle
python3-shellingham
python3-snappy
python3-sniffio
python3-sqlalchemy
python3-sqlparse
python3-starlette
python3-sympy
python3-tables
python3-tabulate
python3-tabulate+widechars
python3-terminaltables
python3-texttable
python3-theano
python3-tomlkit
python3-tracer
python3-trove-classifiers
python3-typing-extensions
python3-ujson
python3-urllib3+socks
python3-userpath
python3-virtualenv
python3-virtualenv-clone
python3-wcwidth
python3-webencodings
python3-websocket-client
python3-websockets
python3-werkzeug
python3-wrapt
python3-xarray
python3-xlib
python3-xlrd
python3-xlsxwriter
python3-xlwt
python3-xmltodict
python3-yarl
python3-zipp
python3-zstandard
qemu
qemu-kvm
qemu-kvm-core
qemu-system-aarch64
qemu-system-aarch64-core
qemu-system-alpha
qemu-system-alpha-core
qemu-system-arm
qemu-system-arm-core
qemu-system-avr
qemu-system-avr-core
qemu-system-cris
qemu-system-cris-core
qemu-system-loongarch64
qemu-system-loongarch64-core
qemu-system-m68k
qemu-system-m68k-core
qemu-system-microblaze
qemu-system-microblaze-core
qemu-system-mips
qemu-system-mips-core
qemu-system-nios2
qemu-system-nios2-core
qemu-system-or1k
qemu-system-or1k-core
qemu-system-ppc
qemu-system-ppc-core
qemu-system-riscv
qemu-system-riscv-core
qemu-system-rx
qemu-system-rx-core
qemu-system-s390x
qemu-system-s390x-core
qemu-system-sh4
qemu-system-sh4-core
qemu-system-sparc
qemu-system-sparc-core
qemu-system-tricore
qemu-system-tricore-core
qemu-system-xtensa
qemu-system-xtensa-core
qemu-tools
qemu-user
qemu-user-static
qemu-user-static-aarch64
qemu-user-static-alpha
qemu-user-static-arm
qemu-user-static-cris
qemu-user-static-hexagon
qemu-user-static-hppa
qemu-user-static-loongarch64
qemu-user-static-m68k
qemu-user-static-microblaze
qemu-user-static-mips
qemu-user-static-nios2
qemu-user-static-or1k
qemu-user-static-ppc
qemu-user-static-riscv
qemu-user-static-s390x
qemu-user-static-sh4
qemu-user-static-sparc
qemu-user-static-x86
qemu-user-static-xtensa
qgit
qrupdate
qscintilla-qt5
qt-creator
qt-mysql
qt-postgresql
qt5-qtcharts
qt5-qtconnectivity-devel
qt5-qtdeclarative-devel
qt5-qtlocation-devel
qt5-qtmultimedia-devel
qt5-qtscript-devel
qt5-qtsensors-devel
qt5-qtserialport-devel
qt5-qtsvg-devel
qt5-qttools-devel
qt5-qttools-libs-help
qt5-qtwayland-devel
qt5-qtwebkit-devel
qt5-qtwebsockets
qt5-qtx11extras-devel
qt5-qtxmlpatterns-devel
qt6-qtimageformats
qt6-qtwayland
qtermwidget
quazip-qt5
ranger
realtek-firmware
redis
remmina
remmina-plugins-rdp
reportd
rhash
rhdb-utils
ripgrep
rnnoise
rpm-devel
rpm-ostree
rpm-ostree-libs
rpmfusion-free-release
rpmfusion-nonfree-release
rtorrent
runc
rust
rust-std-static
sane-airscan
sane-backends
sane-backends-drivers-cameras
sane-backends-drivers-scanners
sane-backends-libs
scotch
scrot
setroubleshoot
setroubleshoot-plugins
setroubleshoot-server
shadow-utils-subid
sisu
skim
skopeo
slang
slf4j
slirp4netns
snapper
snapper-libs
sombok
spirv-llvm-translator
spirv-tools
sqlite-devel
sqlite-tcl
sscg
subversion
subversion-libs
suitesparse
suitesparse64
sundials
systemd-devel
systemtap
systemtap-client
systemtap-devel
systemtap-runtime
tbb
tcl-pgtcl
telegram-desktop
tesseract-langpack-rus
tex-preview
texinfo
texlive-algorithms
texlive-alphalph
texlive-amsfonts
texlive-amsmath
texlive-atbegshi
texlive-attachfile
texlive-atveryend
texlive-auto-pst-pdf
texlive-auxhook
texlive-avantgar
texlive-babel
texlive-babelbib
texlive-base
texlive-bera
texlive-biblatex
texlive-bidi
texlive-bigintcalc
texlive-bitset
texlive-bookman
texlive-bookmark
texlive-booktabs
texlive-breakurl
texlive-caption
texlive-catchfile
texlive-changepage
texlive-charter
texlive-cm
texlive-cm-super
texlive-colortbl
texlive-courier
texlive-csquotes
texlive-ctablestack
texlive-currfile
texlive-dehyph
texlive-dvipng
texlive-enumitem
texlive-epstopdf
texlive-epstopdf-pkg
texlive-eso-pic
texlive-etex
texlive-etex-pkg
texlive-etexcmds
texlive-etoolbox
texlive-euenc
texlive-fancyhdr
texlive-fancyvrb
texlive-filecontents
texlive-filehook
texlive-float
texlive-fontspec
texlive-footmisc
texlive-fp
texlive-fpl
texlive-geometry
texlive-gettitlestring
texlive-graphics
texlive-graphics-cfg
texlive-graphics-def
texlive-gsftopk
texlive-helvetic
texlive-hobsub
texlive-hologo
texlive-hycolor
texlive-hypdoc
texlive-hyperref
texlive-hyph-utf8
texlive-hyphen-base
texlive-ifmtarg
texlive-ifplatform
texlive-iftex
texlive-infwarerr
texlive-intcalc
texlive-kastrup
texlive-knuth-lib
texlive-koma-script
texlive-kpathsea
texlive-kvdefinekeys
texlive-kvoptions
texlive-kvsetkeys
texlive-l3backend
texlive-l3kernel
texlive-l3packages
texlive-latex
texlive-latex-fonts
texlive-latexconfig
texlive-letltxmacro
texlive-lib
texlive-listings
texlive-lm
texlive-logreq
texlive-ltxcmds
texlive-lua-alt-getopt
texlive-lua-uni-algos
texlive-luabidi
texlive-lualibs
texlive-luaotfload
texlive-luatex
texlive-luatexbase
texlive-makecmds
texlive-marginnote
texlive-marvosym
texlive-mathpazo
texlive-mathtools
texlive-memoir
texlive-mparhack
texlive-ms
texlive-multido
texlive-natbib
texlive-palatino
texlive-paralist
texlive-pdfcolmk
texlive-pdfescape
texlive-pdftex
texlive-pdftexcmds
texlive-pgf
texlive-picture
texlive-placeins
texlive-plain
texlive-polyglossia
texlive-psnfss
texlive-pst-3d
texlive-pst-coil
texlive-pst-eps
texlive-pst-fill
texlive-pst-grad
texlive-pst-math
texlive-pst-node
texlive-pst-ovl
texlive-pst-plot
texlive-pst-text
texlive-pst-tools
texlive-pst-tree
texlive-pstricks
texlive-pstricks-add
texlive-ragged2e
texlive-refcount
texlive-rerunfilecheck
texlive-sauerj
texlive-setspace
texlive-showexpl
texlive-stringenc
texlive-subfig
texlive-symbol
texlive-tex-ini-files
texlive-texlive-scripts
texlive-texlive.infra
texlive-times
texlive-tipa
texlive-titlesec
texlive-tools
texlive-underscore
texlive-unicode-data
texlive-uniquecounter
texlive-url
texlive-utopia
texlive-varwidth
texlive-xcolor
texlive-xifthen
texlive-xkeyval
texlive-xpatch
texlive-xstring
texlive-xunicode
texlive-zapfding
texlive-zref
texstudio
thrift
tinyobjloader
tinyobjloader-devel
tlog
tokei
tokyocabinet
tomcat
tomcat-admin-webapps
tomcat-native
tomcat-webapps
tracer-common
tree-sitter-cli
ttmkfdir
tuned
udisks2-lvm2
unibilium
unixODBC
unrar
urlview
urw-base35-fonts-legacy
utf8proc
uuid-c++
valgrind
vcpkg
vdpauinfo
vifm
vim-filesystem
virt-install
virt-manager
virt-top
virt-viewer
virt-what
vmaf-models
vtk
vulkan-validation-layers
w3m
w3m-img
wayland-devel
webkitgtk6.0
wireguard-tools
wireshark
wl-clipboard
x264-libs
x265-libs
xclip
xerces-j2
xorg-x11-drv-nvidia-cuda
xorg-x11-drv-nvidia-cuda-libs
xorg-x11-fonts-Type1
xorg-x11-proto-devel
xpdf-libs
xrandr
xsel
xwininfo
xz-devel
yakuake
zam-plugins
zita-convolver
zlib-devel
zoxide
zsh
zziplib
